<?xml version="1.0" encoding="UTF-8"?>
<testsuite name="sonhador.parquet_mr_converter.AppTest" tests="1" skipped="0" failures="0" errors="0" timestamp="2018-08-19T12:24:50" hostname="localhost.localdomain" time="0.002">
  <properties/>
  <testcase name="testApp" classname="sonhador.parquet_mr_converter.AppTest" time="0.002"/>
  <system-out><![CDATA[]]></system-out>
  <system-err><![CDATA[]]></system-err>
</testsuite>
