<?xml version="1.0" encoding="UTF-8" ?>
<testsuite failures="0" time="0.004" errors="0" skipped="0" tests="1" name="sonhador.parquet_mr_converter.AppTest">
  <properties>
    <property name="java.runtime.name" value="OpenJDK Runtime Environment"/>
    <property name="sun.boot.library.path" value="C:\Program Files\Java\java-se-7u75-ri\jre\bin"/>
    <property name="java.vm.version" value="24.75-b04"/>
    <property name="java.vm.vendor" value="Oracle Corporation"/>
    <property name="maven.multiModuleProjectDirectory" value="C:\Users\asonh\eclipse-workspace\parquet-mr-converter"/>
    <property name="java.vendor.url" value="http://java.oracle.com/"/>
    <property name="path.separator" value=";"/>
    <property name="guice.disable.misplaced.annotation.check" value="true"/>
    <property name="java.vm.name" value="OpenJDK Client VM"/>
    <property name="file.encoding.pkg" value="sun.io"/>
    <property name="user.script" value=""/>
    <property name="user.country" value="KR"/>
    <property name="sun.java.launcher" value="SUN_STANDARD"/>
    <property name="sun.os.patch.level" value=""/>
    <property name="java.vm.specification.name" value="Java Virtual Machine Specification"/>
    <property name="user.dir" value="C:\Users\asonh\eclipse-workspace\parquet-mr-converter"/>
    <property name="java.runtime.version" value="1.7.0_75-b13"/>
    <property name="java.awt.graphicsenv" value="sun.awt.Win32GraphicsEnvironment"/>
    <property name="java.endorsed.dirs" value="C:\Program Files\Java\java-se-7u75-ri\jre\lib\endorsed"/>
    <property name="os.arch" value="x86"/>
    <property name="java.io.tmpdir" value="C:\Users\asonh\AppData\Local\Temp\"/>
    <property name="line.separator" value="
"/>
    <property name="java.vm.specification.vendor" value="Oracle Corporation"/>
    <property name="user.variant" value=""/>
    <property name="os.name" value="Windows 8.1"/>
    <property name="classworlds.conf" value="C:\Users\asonh\eclipse-workspace\.metadata\.plugins\org.eclipse.m2e.launching\launches\m2conf166092772439080142.tmp"/>
    <property name="sun.jnu.encoding" value="MS949"/>
    <property name="java.library.path" value="C:\Program Files\Java\java-se-7u75-ri\bin;C:\WINDOWS\Sun\Java\bin;C:\WINDOWS\system32;C:\WINDOWS;C:\Program Files\Haskell\bin;C:\Program Files\Haskell Platform\8.4.2\lib\extralibs\bin;C:\Program Files\Haskell Platform\8.4.2\bin;C:\Program Files\NVIDIA GPU Computing Toolkit\CUDA\v9.0\bin;C:\Program Files\NVIDIA GPU Computing Toolkit\CUDA\v9.0\libnvvp;C:\ProgramData\Oracle\Java\javapath;C:\WINDOWS\system32;C:\WINDOWS;C:\WINDOWS\System32\Wbem;C:\WINDOWS\System32\WindowsPowerShell\v1.0\;C:\Program Files\nodejs\;C:\Program Files\Git LFS;C:\Program Files\WIDCOMM\Bluetooth Software\;C:\Program Files\WIDCOMM\Bluetooth Software\syswow64;C:\ProgramData\chocolatey\bin;C:\Program Files (x86)\NVIDIA Corporation\PhysX\Common;C:\WINDOWS\system32;C:\WINDOWS;C:\WINDOWS\System32\Wbem;C:\WINDOWS\System32\WindowsPowerShell\v1.0\;C:\WINDOWS\System32\OpenSSH\;C:\Program Files\Haskell Platform\8.4.2\mingw\bin;C:\WINDOWS\system32\wbem;C:\Program Files (x86)\IVT Corporation\BlueSoleil\Mobile;C:\Program Files\Git\cmd;C:\Program Files\Git\mingw64\bin;C:\Program Files\Git\usr\bin;C:\Program Files\Microsoft VS Code\bin;C:\Strawberry\c\bin;C:\Strawberry\perl\site\bin;C:\Strawberry\perl\bin;C:\Users\asonh\Miniconda3;C:\Users\asonh\Miniconda3\Library\mingw-w64\bin;C:\Users\asonh\Miniconda3\Library\usr\bin;C:\Users\asonh\Miniconda3\Library\bin;C:\Users\asonh\Miniconda3\Scripts;C:\Users\asonh\.cargo\bin;C:\Users\asonh\AppData\Roaming\cabal\bin;C:\Users\asonh\AppData\Roaming\local\bin;C:\Program Files (x86)\Elm Platform\0.18\bin;C:\Users\asonh\AppData\Local\Programs\Python\Python36\Scripts\;C:\Users\asonh\AppData\Local\Programs\Python\Python36\;C:\Users\asonh\AppData\Local\Microsoft\WindowsApps;C:\bin;C:\Users\asonh\AppData\Local\Programs\Python\Python36-32;C:\Users\asonh\AppData\Roaming\npm;C:\Users\asonh\AppData\Local\atom\bin;C:\rakudo\bin;C:\rakudo\share\perl6\site\bin;C:\UnxUtils\usr\local\wbin;C:\Program Files\Microsoft VS Code\bin;C:\nvim-win64\Neovim\bin;C:\Users\asonh\AppData\Local\Microsoft\WindowsApps;C:\Program Files\Oracle\VirtualBox;;."/>
    <property name="java.specification.name" value="Java Platform API Specification"/>
    <property name="java.class.version" value="51.0"/>
    <property name="sun.management.compiler" value="HotSpot Client Compiler"/>
    <property name="os.version" value="6.3"/>
    <property name="user.home" value="C:\Users\asonh"/>
    <property name="user.timezone" value="Asia/Seoul"/>
    <property name="java.awt.printerjob" value="sun.awt.windows.WPrinterJob"/>
    <property name="java.specification.version" value="1.7"/>
    <property name="file.encoding" value="UTF-8"/>
    <property name="user.name" value="asonh"/>
    <property name="java.class.path" value="C:\Users\asonh\.p2\pool\plugins\org.eclipse.m2e.maven.runtime_1.8.3.20180227-2135\jars\plexus-classworlds-2.5.2.jar"/>
    <property name="java.vm.specification.version" value="1.7"/>
    <property name="sun.arch.data.model" value="32"/>
    <property name="java.home" value="C:\Program Files\Java\java-se-7u75-ri\jre"/>
    <property name="sun.java.command" value="org.codehaus.plexus.classworlds.launcher.Launcher -B clean package"/>
    <property name="java.specification.vendor" value="Oracle Corporation"/>
    <property name="user.language" value="ko"/>
    <property name="awt.toolkit" value="sun.awt.windows.WToolkit"/>
    <property name="java.vm.info" value="mixed mode"/>
    <property name="java.version" value="1.7.0_75"/>
    <property name="java.ext.dirs" value="C:\Program Files\Java\java-se-7u75-ri\jre\lib\ext;C:\WINDOWS\Sun\Java\lib\ext"/>
    <property name="sun.boot.class.path" value="C:\Program Files\Java\java-se-7u75-ri\jre\lib\resources.jar;C:\Program Files\Java\java-se-7u75-ri\jre\lib\rt.jar;C:\Program Files\Java\java-se-7u75-ri\jre\lib\sunrsasign.jar;C:\Program Files\Java\java-se-7u75-ri\jre\lib\jsse.jar;C:\Program Files\Java\java-se-7u75-ri\jre\lib\jce.jar;C:\Program Files\Java\java-se-7u75-ri\jre\lib\charsets.jar;C:\Program Files\Java\java-se-7u75-ri\jre\lib\jfr.jar;C:\Program Files\Java\java-se-7u75-ri\jre\classes"/>
    <property name="java.vendor" value="Oracle Corporation"/>
    <property name="maven.home" value="C:\Users\asonh\eclipse-workspace\parquet-mr-converter\EMBEDDED"/>
    <property name="file.separator" value="\"/>
    <property name="java.vendor.url.bug" value="http://bugreport.sun.com/bugreport/"/>
    <property name="sun.cpu.endian" value="little"/>
    <property name="sun.io.unicode.encoding" value="UnicodeLittle"/>
    <property name="sun.desktop" value="windows"/>
    <property name="sun.cpu.isalist" value=""/>
  </properties>
  <testcase time="0.004" classname="sonhador.parquet_mr_converter.AppTest" name="testApp"/>
</testsuite>